2021-02-02 04:59:59 Error: [PDOException] SQLSTATE[HY000]: General error: 1364 Field 'user_id' doesn't have a default value (/Users/t-murakami/Project/bookmarker/vendor/cakephp/cakephp/src/Database/Statement/MysqlStatement.php:37)
#0 /Users/t-murakami/Project/bookmarker/vendor/cakephp/cakephp/src/Database/Statement/MysqlStatement.php(37): PDOStatement->execute(NULL)
#1 /Users/t-murakami/Project/bookmarker/vendor/cakephp/cakephp/src/Database/Statement/StatementDecorator.php(173): Cake\Database\Statement\MysqlStatement->execute(NULL)
#2 /Users/t-murakami/Project/bookmarker/vendor/cakephp/cakephp/src/Database/Log/LoggingStatement.php(55): Cake\Database\Statement\StatementDecorator->execute(NULL)
#3 /Users/t-murakami/Project/bookmarker/vendor/cakephp/cakephp/src/Database/Connection.php(342): Cake\Database\Log\LoggingStatement->execute()
#4 /Users/t-murakami/Project/bookmarker/vendor/cakephp/cakephp/src/Core/Retry/CommandRetry.php(67): Cake\Database\Connection->Cake\Database\{closure}()
#5 /Users/t-murakami/Project/bookmarker/vendor/cakephp/cakephp/src/Database/Connection.php(345): Cake\Core\Retry\CommandRetry->run(Object(Closure))
#6 /Users/t-murakami/Project/bookmarker/vendor/cakephp/cakephp/src/Database/Query.php(218): Cake\Database\Connection->run(Object(Cake\ORM\Query))
#7 /Users/t-murakami/Project/bookmarker/vendor/cakephp/cakephp/src/ORM/Table.php(2136): Cake\Database\Query->execute()
#8 /Users/t-murakami/Project/bookmarker/vendor/cakephp/cakephp/src/ORM/Table.php(2028): Cake\ORM\Table->_insert(Object(App\Model\Entity\Bookmark), Array)
#9 /Users/t-murakami/Project/bookmarker/vendor/cakephp/cakephp/src/ORM/Table.php(1941): Cake\ORM\Table->_processSave(Object(App\Model\Entity\Bookmark), Object(ArrayObject))
#10 /Users/t-murakami/Project/bookmarker/vendor/cakephp/cakephp/src/ORM/Table.php(1646): Cake\ORM\Table->Cake\ORM\{closure}()
#11 /Users/t-murakami/Project/bookmarker/vendor/cakephp/cakephp/src/Database/Connection.php(746): Cake\ORM\Table->Cake\ORM\{closure}(Object(Cake\Database\Connection))
#12 /Users/t-murakami/Project/bookmarker/vendor/cakephp/cakephp/src/ORM/Table.php(1647): Cake\Database\Connection->transactional(Object(Closure))
#13 /Users/t-murakami/Project/bookmarker/vendor/cakephp/cakephp/src/ORM/Table.php(1942): Cake\ORM\Table->_executeTransaction(Object(Closure), true)
#14 /Users/t-murakami/Project/bookmarker/src/Controller/BookmarksController.php(56): Cake\ORM\Table->save(Object(App\Model\Entity\Bookmark))
#15 /Users/t-murakami/Project/bookmarker/vendor/cakephp/cakephp/src/Controller/Controller.php(606): App\Controller\BookmarksController->add()
#16 /Users/t-murakami/Project/bookmarker/vendor/cakephp/cakephp/src/Http/ActionDispatcher.php(120): Cake\Controller\Controller->invokeAction()
#17 /Users/t-murakami/Project/bookmarker/vendor/cakephp/cakephp/src/Http/ActionDispatcher.php(94): Cake\Http\ActionDispatcher->_invoke(Object(App\Controller\BookmarksController))
#18 /Users/t-murakami/Project/bookmarker/vendor/cakephp/cakephp/src/Http/BaseApplication.php(256): Cake\Http\ActionDispatcher->dispatch(Object(Cake\Http\ServerRequest), Object(Cake\Http\Response))
#19 /Users/t-murakami/Project/bookmarker/vendor/cakephp/cakephp/src/Http/Runner.php(65): Cake\Http\BaseApplication->__invoke(Object(Cake\Http\ServerRequest), Object(Cake\Http\Response), Object(Cake\Http\Runner))
#20 /Users/t-murakami/Project/bookmarker/vendor/cakephp/cakephp/src/Http/Runner.php(65): Cake\Http\Runner->__invoke(Object(Cake\Http\ServerRequest), Object(Cake\Http\Response), Object(Cake\Http\Runner))
#21 /Users/t-murakami/Project/bookmarker/vendor/cakephp/cakephp/src/Http/Middleware/CsrfProtectionMiddleware.php(126): Cake\Http\Runner->__invoke(Object(Cake\Http\ServerRequest), Object(Cake\Http\Response))
#22 /Users/t-murakami/Project/bookmarker/vendor/cakephp/cakephp/src/Http/Runner.php(65): Cake\Http\Middleware\CsrfProtectionMiddleware->__invoke(Object(Cake\Http\ServerRequest), Object(Cake\Http\Response), Object(Cake\Http\Runner))
#23 /Users/t-murakami/Project/bookmarker/vendor/cakephp/cakephp/src/Http/Runner.php(51): Cake\Http\Runner->__invoke(Object(Cake\Http\ServerRequest), Object(Cake\Http\Response))
#24 /Users/t-murakami/Project/bookmarker/vendor/cakephp/cakephp/src/Routing/Middleware/RoutingMiddleware.php(170): Cake\Http\Runner->run(Object(Cake\Http\MiddlewareQueue), Object(Cake\Http\ServerRequest), Object(Cake\Http\Response))
#25 /Users/t-murakami/Project/bookmarker/vendor/cakephp/cakephp/src/Http/Runner.php(65): Cake\Routing\Middleware\RoutingMiddleware->__invoke(Object(Cake\Http\ServerRequest), Object(Cake\Http\Response), Object(Cake\Http\Runner))
#26 /Users/t-murakami/Project/bookmarker/vendor/cakephp/cakephp/src/Routing/Middleware/AssetMiddleware.php(88): Cake\Http\Runner->__invoke(Object(Cake\Http\ServerRequest), Object(Cake\Http\Response))
#27 /Users/t-murakami/Project/bookmarker/vendor/cakephp/cakephp/src/Http/Runner.php(65): Cake\Routing\Middleware\AssetMiddleware->__invoke(Object(Cake\Http\ServerRequest), Object(Cake\Http\Response), Object(Cake\Http\Runner))
#28 /Users/t-murakami/Project/bookmarker/vendor/cakephp/cakephp/src/Error/Middleware/ErrorHandlerMiddleware.php(100): Cake\Http\Runner->__invoke(Object(Cake\Http\ServerRequest), Object(Cake\Http\Response))
#29 /Users/t-murakami/Project/bookmarker/vendor/cakephp/cakephp/src/Http/Runner.php(65): Cake\Error\Middleware\ErrorHandlerMiddleware->__invoke(Object(Cake\Http\ServerRequest), Object(Cake\Http\Response), Object(Cake\Http\Runner))
#30 /Users/t-murakami/Project/bookmarker/vendor/cakephp/debug_kit/src/Middleware/DebugKitMiddleware.php(53): Cake\Http\Runner->__invoke(Object(Cake\Http\ServerRequest), Object(Cake\Http\Response))
#31 /Users/t-murakami/Project/bookmarker/vendor/cakephp/cakephp/src/Http/Runner.php(65): DebugKit\Middleware\DebugKitMiddleware->__invoke(Object(Cake\Http\ServerRequest), Object(Cake\Http\Response), Object(Cake\Http\Runner))
#32 /Users/t-murakami/Project/bookmarker/vendor/cakephp/cakephp/src/Http/Runner.php(51): Cake\Http\Runner->__invoke(Object(Cake\Http\ServerRequest), Object(Cake\Http\Response))
#33 /Users/t-murakami/Project/bookmarker/vendor/cakephp/cakephp/src/Http/Server.php(97): Cake\Http\Runner->run(Object(Cake\Http\MiddlewareQueue), Object(Cake\Http\ServerRequest), Object(Cake\Http\Response))
#34 /Users/t-murakami/Project/bookmarker/webroot/index.php(40): Cake\Http\Server->run()
#35 {main}
Request URL: /bookmarks/add
Referer URL: http://localhost:8765/bookmarks/add


2021-02-02 07:28:29 Error: [Cake\View\Exception\MissingTemplateException] Template file "Bookmarks/tags.ctp" is missing. (/Users/t-murakami/project/bookmarker/vendor/cakephp/cakephp/src/View/View.php:1605)
Exception Attributes: array (
  'file' => 'Bookmarks/tags.ctp',
)
#0 /Users/t-murakami/project/bookmarker/vendor/cakephp/cakephp/src/View/View.php(888): Cake\View\View->_getViewFileName('Bookmarks/tags')
#1 /Users/t-murakami/project/bookmarker/vendor/cakephp/cakephp/src/Controller/Controller.php(791): Cake\View\View->render(NULL, NULL)
#2 /Users/t-murakami/project/bookmarker/vendor/cakephp/cakephp/src/Http/ActionDispatcher.php(126): Cake\Controller\Controller->render()
#3 /Users/t-murakami/project/bookmarker/vendor/cakephp/cakephp/src/Http/ActionDispatcher.php(94): Cake\Http\ActionDispatcher->_invoke(Object(App\Controller\BookmarksController))
#4 /Users/t-murakami/project/bookmarker/vendor/cakephp/cakephp/src/Http/BaseApplication.php(256): Cake\Http\ActionDispatcher->dispatch(Object(Cake\Http\ServerRequest), Object(Cake\Http\Response))
#5 /Users/t-murakami/project/bookmarker/vendor/cakephp/cakephp/src/Http/Runner.php(65): Cake\Http\BaseApplication->__invoke(Object(Cake\Http\ServerRequest), Object(Cake\Http\Response), Object(Cake\Http\Runner))
#6 /Users/t-murakami/project/bookmarker/vendor/cakephp/cakephp/src/Routing/Middleware/RoutingMiddleware.php(164): Cake\Http\Runner->__invoke(Object(Cake\Http\ServerRequest), Object(Cake\Http\Response))
#7 /Users/t-murakami/project/bookmarker/vendor/cakephp/cakephp/src/Http/Runner.php(65): Cake\Routing\Middleware\RoutingMiddleware->__invoke(Object(Cake\Http\ServerRequest), Object(Cake\Http\Response), Object(Cake\Http\Runner))
#8 /Users/t-murakami/project/bookmarker/vendor/cakephp/cakephp/src/Routing/Middleware/AssetMiddleware.php(88): Cake\Http\Runner->__invoke(Object(Cake\Http\ServerRequest), Object(Cake\Http\Response))
#9 /Users/t-murakami/project/bookmarker/vendor/cakephp/cakephp/src/Http/Runner.php(65): Cake\Routing\Middleware\AssetMiddleware->__invoke(Object(Cake\Http\ServerRequest), Object(Cake\Http\Response), Object(Cake\Http\Runner))
#10 /Users/t-murakami/project/bookmarker/vendor/cakephp/cakephp/src/Error/Middleware/ErrorHandlerMiddleware.php(100): Cake\Http\Runner->__invoke(Object(Cake\Http\ServerRequest), Object(Cake\Http\Response))
#11 /Users/t-murakami/project/bookmarker/vendor/cakephp/cakephp/src/Http/Runner.php(65): Cake\Error\Middleware\ErrorHandlerMiddleware->__invoke(Object(Cake\Http\ServerRequest), Object(Cake\Http\Response), Object(Cake\Http\Runner))
#12 /Users/t-murakami/project/bookmarker/vendor/cakephp/debug_kit/src/Middleware/DebugKitMiddleware.php(53): Cake\Http\Runner->__invoke(Object(Cake\Http\ServerRequest), Object(Cake\Http\Response))
#13 /Users/t-murakami/project/bookmarker/vendor/cakephp/cakephp/src/Http/Runner.php(65): DebugKit\Middleware\DebugKitMiddleware->__invoke(Object(Cake\Http\ServerRequest), Object(Cake\Http\Response), Object(Cake\Http\Runner))
#14 /Users/t-murakami/project/bookmarker/vendor/cakephp/cakephp/src/Http/Runner.php(51): Cake\Http\Runner->__invoke(Object(Cake\Http\ServerRequest), Object(Cake\Http\Response))
#15 /Users/t-murakami/project/bookmarker/vendor/cakephp/cakephp/src/Http/Server.php(97): Cake\Http\Runner->run(Object(Cake\Http\MiddlewareQueue), Object(Cake\Http\ServerRequest), Object(Cake\Http\Response))
#16 /Users/t-murakami/project/bookmarker/webroot/index.php(40): Cake\Http\Server->run()
#17 {main}
Request URL: /bookmarks/tagged


2021-02-02 07:39:35 Error: [Error] Call to a member function identify() on bool (/Users/t-murakami/project/bookmarker/src/Controller/UsersController.php:110)
#0 /Users/t-murakami/project/bookmarker/vendor/cakephp/cakephp/src/Controller/Controller.php(606): App\Controller\UsersController->login()
#1 /Users/t-murakami/project/bookmarker/vendor/cakephp/cakephp/src/Http/ActionDispatcher.php(120): Cake\Controller\Controller->invokeAction()
#2 /Users/t-murakami/project/bookmarker/vendor/cakephp/cakephp/src/Http/ActionDispatcher.php(94): Cake\Http\ActionDispatcher->_invoke(Object(App\Controller\UsersController))
#3 /Users/t-murakami/project/bookmarker/vendor/cakephp/cakephp/src/Http/BaseApplication.php(256): Cake\Http\ActionDispatcher->dispatch(Object(Cake\Http\ServerRequest), Object(Cake\Http\Response))
#4 /Users/t-murakami/project/bookmarker/vendor/cakephp/cakephp/src/Http/Runner.php(65): Cake\Http\BaseApplication->__invoke(Object(Cake\Http\ServerRequest), Object(Cake\Http\Response), Object(Cake\Http\Runner))
#5 /Users/t-murakami/project/bookmarker/vendor/cakephp/cakephp/src/Routing/Middleware/RoutingMiddleware.php(164): Cake\Http\Runner->__invoke(Object(Cake\Http\ServerRequest), Object(Cake\Http\Response))
#6 /Users/t-murakami/project/bookmarker/vendor/cakephp/cakephp/src/Http/Runner.php(65): Cake\Routing\Middleware\RoutingMiddleware->__invoke(Object(Cake\Http\ServerRequest), Object(Cake\Http\Response), Object(Cake\Http\Runner))
#7 /Users/t-murakami/project/bookmarker/vendor/cakephp/cakephp/src/Routing/Middleware/AssetMiddleware.php(88): Cake\Http\Runner->__invoke(Object(Cake\Http\ServerRequest), Object(Cake\Http\Response))
#8 /Users/t-murakami/project/bookmarker/vendor/cakephp/cakephp/src/Http/Runner.php(65): Cake\Routing\Middleware\AssetMiddleware->__invoke(Object(Cake\Http\ServerRequest), Object(Cake\Http\Response), Object(Cake\Http\Runner))
#9 /Users/t-murakami/project/bookmarker/vendor/cakephp/cakephp/src/Error/Middleware/ErrorHandlerMiddleware.php(100): Cake\Http\Runner->__invoke(Object(Cake\Http\ServerRequest), Object(Cake\Http\Response))
#10 /Users/t-murakami/project/bookmarker/vendor/cakephp/cakephp/src/Http/Runner.php(65): Cake\Error\Middleware\ErrorHandlerMiddleware->__invoke(Object(Cake\Http\ServerRequest), Object(Cake\Http\Response), Object(Cake\Http\Runner))
#11 /Users/t-murakami/project/bookmarker/vendor/cakephp/debug_kit/src/Middleware/DebugKitMiddleware.php(53): Cake\Http\Runner->__invoke(Object(Cake\Http\ServerRequest), Object(Cake\Http\Response))
#12 /Users/t-murakami/project/bookmarker/vendor/cakephp/cakephp/src/Http/Runner.php(65): DebugKit\Middleware\DebugKitMiddleware->__invoke(Object(Cake\Http\ServerRequest), Object(Cake\Http\Response), Object(Cake\Http\Runner))
#13 /Users/t-murakami/project/bookmarker/vendor/cakephp/cakephp/src/Http/Runner.php(51): Cake\Http\Runner->__invoke(Object(Cake\Http\ServerRequest), Object(Cake\Http\Response))
#14 /Users/t-murakami/project/bookmarker/vendor/cakephp/cakephp/src/Http/Server.php(97): Cake\Http\Runner->run(Object(Cake\Http\MiddlewareQueue), Object(Cake\Http\ServerRequest), Object(Cake\Http\Response))
#15 /Users/t-murakami/project/bookmarker/webroot/index.php(40): Cake\Http\Server->run()
#16 {main}
Request URL: /users/login?redirect=%2Fbookmarks%2F
Referer URL: http://localhost:8765/users/login?redirect=%2Fbookmarks%2F


2021-02-02 07:39:35 Warning: Warning (512): Unable to emit headers. Headers sent in file=/Users/t-murakami/project/bookmarker/vendor/cakephp/cakephp/src/Error/Debugger.php line=855 in [/Users/t-murakami/project/bookmarker/vendor/cakephp/cakephp/src/Http/ResponseEmitter.php, line 53]
Request URL: /users/login?redirect=%2Fbookmarks%2F
Referer URL: http://localhost:8765/users/login?redirect=%2Fbookmarks%2F
Client IP: 127.0.0.1
Trace:
Cake\Error\BaseErrorHandler::handleError() - CORE/src/Error/BaseErrorHandler.php, line 168
Cake\Core\BasePlugin::{closure}() - ROOT/vendor/cakephp/debug_kit/config/bootstrap.php, line 43
Cake\Http\ResponseEmitter::emit() - CORE/src/Http/ResponseEmitter.php, line 53
Cake\Http\Server::emit() - CORE/src/Http/Server.php, line 140
[main] - ROOT/webroot/index.php, line 40



2021-02-02 07:39:35 Warning: Warning (2): Cannot modify header information - headers already sent by (output started at /Users/t-murakami/project/bookmarker/vendor/cakephp/cakephp/src/Error/Debugger.php:855) in [/Users/t-murakami/project/bookmarker/vendor/cakephp/cakephp/src/Http/ResponseEmitter.php, line 154]
Request URL: /users/login?redirect=%2Fbookmarks%2F
Referer URL: http://localhost:8765/users/login?redirect=%2Fbookmarks%2F
Client IP: 127.0.0.1
Trace:
Cake\Error\BaseErrorHandler::handleError() - CORE/src/Error/BaseErrorHandler.php, line 168
Cake\Core\BasePlugin::{closure}() - ROOT/vendor/cakephp/debug_kit/config/bootstrap.php, line 43
header - [internal], line ??
Cake\Http\ResponseEmitter::emitStatusLine() - CORE/src/Http/ResponseEmitter.php, line 154
Cake\Http\ResponseEmitter::emit() - CORE/src/Http/ResponseEmitter.php, line 59
Cake\Http\Server::emit() - CORE/src/Http/Server.php, line 140
[main] - ROOT/webroot/index.php, line 40



2021-02-02 07:39:35 Warning: Warning (2): Cannot modify header information - headers already sent by (output started at /Users/t-murakami/project/bookmarker/vendor/cakephp/cakephp/src/Error/Debugger.php:855) in [/Users/t-murakami/project/bookmarker/vendor/cakephp/cakephp/src/Http/ResponseEmitter.php, line 183]
Request URL: /users/login?redirect=%2Fbookmarks%2F
Referer URL: http://localhost:8765/users/login?redirect=%2Fbookmarks%2F
Client IP: 127.0.0.1
Trace:
Cake\Error\BaseErrorHandler::handleError() - CORE/src/Error/BaseErrorHandler.php, line 168
Cake\Core\BasePlugin::{closure}() - ROOT/vendor/cakephp/debug_kit/config/bootstrap.php, line 43
header - [internal], line ??
Cake\Http\ResponseEmitter::emitHeaders() - CORE/src/Http/ResponseEmitter.php, line 183
Cake\Http\ResponseEmitter::emit() - CORE/src/Http/ResponseEmitter.php, line 60
Cake\Http\Server::emit() - CORE/src/Http/Server.php, line 140
[main] - ROOT/webroot/index.php, line 40



2021-02-02 07:39:35 Warning: Warning (2): Cannot modify header information - headers already sent by (output started at /Users/t-murakami/project/bookmarker/vendor/cakephp/cakephp/src/Error/Debugger.php:855) in [/Users/t-murakami/project/bookmarker/vendor/cakephp/cakephp/src/Http/ResponseEmitter.php, line 183]
Request URL: /users/login?redirect=%2Fbookmarks%2F
Referer URL: http://localhost:8765/users/login?redirect=%2Fbookmarks%2F
Client IP: 127.0.0.1
Trace:
Cake\Error\BaseErrorHandler::handleError() - CORE/src/Error/BaseErrorHandler.php, line 168
Cake\Core\BasePlugin::{closure}() - ROOT/vendor/cakephp/debug_kit/config/bootstrap.php, line 43
header - [internal], line ??
Cake\Http\ResponseEmitter::emitHeaders() - CORE/src/Http/ResponseEmitter.php, line 183
Cake\Http\ResponseEmitter::emit() - CORE/src/Http/ResponseEmitter.php, line 60
Cake\Http\Server::emit() - CORE/src/Http/Server.php, line 140
[main] - ROOT/webroot/index.php, line 40



2021-02-02 07:40:40 Error: [Cake\Controller\Exception\MissingActionException] Action UsersController::logout() could not be found, or is not accessible. (/Users/t-murakami/project/bookmarker/vendor/cakephp/cakephp/src/Controller/Controller.php:596)
Exception Attributes: array (
  'controller' => 'UsersController',
  'action' => 'logout',
  'prefix' => '',
  'plugin' => false,
)
#0 /Users/t-murakami/project/bookmarker/vendor/cakephp/cakephp/src/Http/ActionDispatcher.php(120): Cake\Controller\Controller->invokeAction()
#1 /Users/t-murakami/project/bookmarker/vendor/cakephp/cakephp/src/Http/ActionDispatcher.php(94): Cake\Http\ActionDispatcher->_invoke(Object(App\Controller\UsersController))
#2 /Users/t-murakami/project/bookmarker/vendor/cakephp/cakephp/src/Http/BaseApplication.php(256): Cake\Http\ActionDispatcher->dispatch(Object(Cake\Http\ServerRequest), Object(Cake\Http\Response))
#3 /Users/t-murakami/project/bookmarker/vendor/cakephp/cakephp/src/Http/Runner.php(65): Cake\Http\BaseApplication->__invoke(Object(Cake\Http\ServerRequest), Object(Cake\Http\Response), Object(Cake\Http\Runner))
#4 /Users/t-murakami/project/bookmarker/vendor/cakephp/cakephp/src/Routing/Middleware/RoutingMiddleware.php(164): Cake\Http\Runner->__invoke(Object(Cake\Http\ServerRequest), Object(Cake\Http\Response))
#5 /Users/t-murakami/project/bookmarker/vendor/cakephp/cakephp/src/Http/Runner.php(65): Cake\Routing\Middleware\RoutingMiddleware->__invoke(Object(Cake\Http\ServerRequest), Object(Cake\Http\Response), Object(Cake\Http\Runner))
#6 /Users/t-murakami/project/bookmarker/vendor/cakephp/cakephp/src/Routing/Middleware/AssetMiddleware.php(88): Cake\Http\Runner->__invoke(Object(Cake\Http\ServerRequest), Object(Cake\Http\Response))
#7 /Users/t-murakami/project/bookmarker/vendor/cakephp/cakephp/src/Http/Runner.php(65): Cake\Routing\Middleware\AssetMiddleware->__invoke(Object(Cake\Http\ServerRequest), Object(Cake\Http\Response), Object(Cake\Http\Runner))
#8 /Users/t-murakami/project/bookmarker/vendor/cakephp/cakephp/src/Error/Middleware/ErrorHandlerMiddleware.php(100): Cake\Http\Runner->__invoke(Object(Cake\Http\ServerRequest), Object(Cake\Http\Response))
#9 /Users/t-murakami/project/bookmarker/vendor/cakephp/cakephp/src/Http/Runner.php(65): Cake\Error\Middleware\ErrorHandlerMiddleware->__invoke(Object(Cake\Http\ServerRequest), Object(Cake\Http\Response), Object(Cake\Http\Runner))
#10 /Users/t-murakami/project/bookmarker/vendor/cakephp/debug_kit/src/Middleware/DebugKitMiddleware.php(53): Cake\Http\Runner->__invoke(Object(Cake\Http\ServerRequest), Object(Cake\Http\Response))
#11 /Users/t-murakami/project/bookmarker/vendor/cakephp/cakephp/src/Http/Runner.php(65): DebugKit\Middleware\DebugKitMiddleware->__invoke(Object(Cake\Http\ServerRequest), Object(Cake\Http\Response), Object(Cake\Http\Runner))
#12 /Users/t-murakami/project/bookmarker/vendor/cakephp/cakephp/src/Http/Runner.php(51): Cake\Http\Runner->__invoke(Object(Cake\Http\ServerRequest), Object(Cake\Http\Response))
#13 /Users/t-murakami/project/bookmarker/vendor/cakephp/cakephp/src/Http/Server.php(97): Cake\Http\Runner->run(Object(Cake\Http\MiddlewareQueue), Object(Cake\Http\ServerRequest), Object(Cake\Http\Response))
#14 /Users/t-murakami/project/bookmarker/webroot/index.php(40): Cake\Http\Server->run()
#15 {main}
Request URL: /users/logout


2021-02-02 07:41:01 Error: [Cake\Controller\Exception\MissingActionException] Action UsersController::logout() could not be found, or is not accessible. (/Users/t-murakami/project/bookmarker/vendor/cakephp/cakephp/src/Controller/Controller.php:596)
Exception Attributes: array (
  'controller' => 'UsersController',
  'action' => 'logout',
  'prefix' => '',
  'plugin' => false,
)
#0 /Users/t-murakami/project/bookmarker/vendor/cakephp/cakephp/src/Http/ActionDispatcher.php(120): Cake\Controller\Controller->invokeAction()
#1 /Users/t-murakami/project/bookmarker/vendor/cakephp/cakephp/src/Http/ActionDispatcher.php(94): Cake\Http\ActionDispatcher->_invoke(Object(App\Controller\UsersController))
#2 /Users/t-murakami/project/bookmarker/vendor/cakephp/cakephp/src/Http/BaseApplication.php(256): Cake\Http\ActionDispatcher->dispatch(Object(Cake\Http\ServerRequest), Object(Cake\Http\Response))
#3 /Users/t-murakami/project/bookmarker/vendor/cakephp/cakephp/src/Http/Runner.php(65): Cake\Http\BaseApplication->__invoke(Object(Cake\Http\ServerRequest), Object(Cake\Http\Response), Object(Cake\Http\Runner))
#4 /Users/t-murakami/project/bookmarker/vendor/cakephp/cakephp/src/Routing/Middleware/RoutingMiddleware.php(164): Cake\Http\Runner->__invoke(Object(Cake\Http\ServerRequest), Object(Cake\Http\Response))
#5 /Users/t-murakami/project/bookmarker/vendor/cakephp/cakephp/src/Http/Runner.php(65): Cake\Routing\Middleware\RoutingMiddleware->__invoke(Object(Cake\Http\ServerRequest), Object(Cake\Http\Response), Object(Cake\Http\Runner))
#6 /Users/t-murakami/project/bookmarker/vendor/cakephp/cakephp/src/Routing/Middleware/AssetMiddleware.php(88): Cake\Http\Runner->__invoke(Object(Cake\Http\ServerRequest), Object(Cake\Http\Response))
#7 /Users/t-murakami/project/bookmarker/vendor/cakephp/cakephp/src/Http/Runner.php(65): Cake\Routing\Middleware\AssetMiddleware->__invoke(Object(Cake\Http\ServerRequest), Object(Cake\Http\Response), Object(Cake\Http\Runner))
#8 /Users/t-murakami/project/bookmarker/vendor/cakephp/cakephp/src/Error/Middleware/ErrorHandlerMiddleware.php(100): Cake\Http\Runner->__invoke(Object(Cake\Http\ServerRequest), Object(Cake\Http\Response))
#9 /Users/t-murakami/project/bookmarker/vendor/cakephp/cakephp/src/Http/Runner.php(65): Cake\Error\Middleware\ErrorHandlerMiddleware->__invoke(Object(Cake\Http\ServerRequest), Object(Cake\Http\Response), Object(Cake\Http\Runner))
#10 /Users/t-murakami/project/bookmarker/vendor/cakephp/debug_kit/src/Middleware/DebugKitMiddleware.php(53): Cake\Http\Runner->__invoke(Object(Cake\Http\ServerRequest), Object(Cake\Http\Response))
#11 /Users/t-murakami/project/bookmarker/vendor/cakephp/cakephp/src/Http/Runner.php(65): DebugKit\Middleware\DebugKitMiddleware->__invoke(Object(Cake\Http\ServerRequest), Object(Cake\Http\Response), Object(Cake\Http\Runner))
#12 /Users/t-murakami/project/bookmarker/vendor/cakephp/cakephp/src/Http/Runner.php(51): Cake\Http\Runner->__invoke(Object(Cake\Http\ServerRequest), Object(Cake\Http\Response))
#13 /Users/t-murakami/project/bookmarker/vendor/cakephp/cakephp/src/Http/Server.php(97): Cake\Http\Runner->run(Object(Cake\Http\MiddlewareQueue), Object(Cake\Http\ServerRequest), Object(Cake\Http\Response))
#14 /Users/t-murakami/project/bookmarker/webroot/index.php(40): Cake\Http\Server->run()
#15 {main}
Request URL: /users/logout


2021-02-03 02:54:52 Error: [Cake\Routing\Exception\MissingControllerException] Controller class Articles could not be found. (/Users/t-murakami/project/bookmarker/vendor/cakephp/cakephp/src/Http/ControllerFactory.php:105)
Exception Attributes: array (
  'class' => 'Articles',
  'plugin' => false,
  'prefix' => false,
  '_ext' => false,
)
#0 /Users/t-murakami/project/bookmarker/vendor/cakephp/cakephp/src/Http/ControllerFactory.php(39): Cake\Http\ControllerFactory->missingController(Object(Cake\Http\ServerRequest))
#1 /Users/t-murakami/project/bookmarker/vendor/cakephp/cakephp/src/Http/ActionDispatcher.php(91): Cake\Http\ControllerFactory->create(Object(Cake\Http\ServerRequest), Object(Cake\Http\Response))
#2 /Users/t-murakami/project/bookmarker/vendor/cakephp/cakephp/src/Http/BaseApplication.php(256): Cake\Http\ActionDispatcher->dispatch(Object(Cake\Http\ServerRequest), Object(Cake\Http\Response))
#3 /Users/t-murakami/project/bookmarker/vendor/cakephp/cakephp/src/Http/Runner.php(65): Cake\Http\BaseApplication->__invoke(Object(Cake\Http\ServerRequest), Object(Cake\Http\Response), Object(Cake\Http\Runner))
#4 /Users/t-murakami/project/bookmarker/vendor/cakephp/cakephp/src/Routing/Middleware/RoutingMiddleware.php(164): Cake\Http\Runner->__invoke(Object(Cake\Http\ServerRequest), Object(Cake\Http\Response))
#5 /Users/t-murakami/project/bookmarker/vendor/cakephp/cakephp/src/Http/Runner.php(65): Cake\Routing\Middleware\RoutingMiddleware->__invoke(Object(Cake\Http\ServerRequest), Object(Cake\Http\Response), Object(Cake\Http\Runner))
#6 /Users/t-murakami/project/bookmarker/vendor/cakephp/cakephp/src/Routing/Middleware/AssetMiddleware.php(88): Cake\Http\Runner->__invoke(Object(Cake\Http\ServerRequest), Object(Cake\Http\Response))
#7 /Users/t-murakami/project/bookmarker/vendor/cakephp/cakephp/src/Http/Runner.php(65): Cake\Routing\Middleware\AssetMiddleware->__invoke(Object(Cake\Http\ServerRequest), Object(Cake\Http\Response), Object(Cake\Http\Runner))
#8 /Users/t-murakami/project/bookmarker/vendor/cakephp/cakephp/src/Error/Middleware/ErrorHandlerMiddleware.php(100): Cake\Http\Runner->__invoke(Object(Cake\Http\ServerRequest), Object(Cake\Http\Response))
#9 /Users/t-murakami/project/bookmarker/vendor/cakephp/cakephp/src/Http/Runner.php(65): Cake\Error\Middleware\ErrorHandlerMiddleware->__invoke(Object(Cake\Http\ServerRequest), Object(Cake\Http\Response), Object(Cake\Http\Runner))
#10 /Users/t-murakami/project/bookmarker/vendor/cakephp/debug_kit/src/Middleware/DebugKitMiddleware.php(53): Cake\Http\Runner->__invoke(Object(Cake\Http\ServerRequest), Object(Cake\Http\Response))
#11 /Users/t-murakami/project/bookmarker/vendor/cakephp/cakephp/src/Http/Runner.php(65): DebugKit\Middleware\DebugKitMiddleware->__invoke(Object(Cake\Http\ServerRequest), Object(Cake\Http\Response), Object(Cake\Http\Runner))
#12 /Users/t-murakami/project/bookmarker/vendor/cakephp/cakephp/src/Http/Runner.php(51): Cake\Http\Runner->__invoke(Object(Cake\Http\ServerRequest), Object(Cake\Http\Response))
#13 /Users/t-murakami/project/bookmarker/vendor/cakephp/cakephp/src/Http/Server.php(97): Cake\Http\Runner->run(Object(Cake\Http\MiddlewareQueue), Object(Cake\Http\ServerRequest), Object(Cake\Http\Response))
#14 /Users/t-murakami/project/bookmarker/webroot/index.php(40): Cake\Http\Server->run()
#15 {main}
Request URL: /articles
Referer URL: http://localhost:8765/tags


2021-02-03 02:54:56 Error: [Cake\Routing\Exception\MissingControllerException] Controller class Articles could not be found. (/Users/t-murakami/project/bookmarker/vendor/cakephp/cakephp/src/Http/ControllerFactory.php:105)
Exception Attributes: array (
  'class' => 'Articles',
  'plugin' => false,
  'prefix' => false,
  '_ext' => false,
)
#0 /Users/t-murakami/project/bookmarker/vendor/cakephp/cakephp/src/Http/ControllerFactory.php(39): Cake\Http\ControllerFactory->missingController(Object(Cake\Http\ServerRequest))
#1 /Users/t-murakami/project/bookmarker/vendor/cakephp/cakephp/src/Http/ActionDispatcher.php(91): Cake\Http\ControllerFactory->create(Object(Cake\Http\ServerRequest), Object(Cake\Http\Response))
#2 /Users/t-murakami/project/bookmarker/vendor/cakephp/cakephp/src/Http/BaseApplication.php(256): Cake\Http\ActionDispatcher->dispatch(Object(Cake\Http\ServerRequest), Object(Cake\Http\Response))
#3 /Users/t-murakami/project/bookmarker/vendor/cakephp/cakephp/src/Http/Runner.php(65): Cake\Http\BaseApplication->__invoke(Object(Cake\Http\ServerRequest), Object(Cake\Http\Response), Object(Cake\Http\Runner))
#4 /Users/t-murakami/project/bookmarker/vendor/cakephp/cakephp/src/Routing/Middleware/RoutingMiddleware.php(164): Cake\Http\Runner->__invoke(Object(Cake\Http\ServerRequest), Object(Cake\Http\Response))
#5 /Users/t-murakami/project/bookmarker/vendor/cakephp/cakephp/src/Http/Runner.php(65): Cake\Routing\Middleware\RoutingMiddleware->__invoke(Object(Cake\Http\ServerRequest), Object(Cake\Http\Response), Object(Cake\Http\Runner))
#6 /Users/t-murakami/project/bookmarker/vendor/cakephp/cakephp/src/Routing/Middleware/AssetMiddleware.php(88): Cake\Http\Runner->__invoke(Object(Cake\Http\ServerRequest), Object(Cake\Http\Response))
#7 /Users/t-murakami/project/bookmarker/vendor/cakephp/cakephp/src/Http/Runner.php(65): Cake\Routing\Middleware\AssetMiddleware->__invoke(Object(Cake\Http\ServerRequest), Object(Cake\Http\Response), Object(Cake\Http\Runner))
#8 /Users/t-murakami/project/bookmarker/vendor/cakephp/cakephp/src/Error/Middleware/ErrorHandlerMiddleware.php(100): Cake\Http\Runner->__invoke(Object(Cake\Http\ServerRequest), Object(Cake\Http\Response))
#9 /Users/t-murakami/project/bookmarker/vendor/cakephp/cakephp/src/Http/Runner.php(65): Cake\Error\Middleware\ErrorHandlerMiddleware->__invoke(Object(Cake\Http\ServerRequest), Object(Cake\Http\Response), Object(Cake\Http\Runner))
#10 /Users/t-murakami/project/bookmarker/vendor/cakephp/debug_kit/src/Middleware/DebugKitMiddleware.php(53): Cake\Http\Runner->__invoke(Object(Cake\Http\ServerRequest), Object(Cake\Http\Response))
#11 /Users/t-murakami/project/bookmarker/vendor/cakephp/cakephp/src/Http/Runner.php(65): DebugKit\Middleware\DebugKitMiddleware->__invoke(Object(Cake\Http\ServerRequest), Object(Cake\Http\Response), Object(Cake\Http\Runner))
#12 /Users/t-murakami/project/bookmarker/vendor/cakephp/cakephp/src/Http/Runner.php(51): Cake\Http\Runner->__invoke(Object(Cake\Http\ServerRequest), Object(Cake\Http\Response))
#13 /Users/t-murakami/project/bookmarker/vendor/cakephp/cakephp/src/Http/Server.php(97): Cake\Http\Runner->run(Object(Cake\Http\MiddlewareQueue), Object(Cake\Http\ServerRequest), Object(Cake\Http\Response))
#14 /Users/t-murakami/project/bookmarker/webroot/index.php(40): Cake\Http\Server->run()
#15 {main}
Request URL: /articles


2021-02-03 03:06:39 Error: [Cake\Controller\Exception\MissingActionException] Action BookmarksController::display() could not be found, or is not accessible. (/Users/t-murakami/project/bookmarker/vendor/cakephp/cakephp/src/Controller/Controller.php:596)
Exception Attributes: array (
  'controller' => 'BookmarksController',
  'action' => 'display',
  'prefix' => '',
  'plugin' => false,
)
#0 /Users/t-murakami/project/bookmarker/vendor/cakephp/cakephp/src/Http/ActionDispatcher.php(120): Cake\Controller\Controller->invokeAction()
#1 /Users/t-murakami/project/bookmarker/vendor/cakephp/cakephp/src/Http/ActionDispatcher.php(94): Cake\Http\ActionDispatcher->_invoke(Object(App\Controller\BookmarksController))
#2 /Users/t-murakami/project/bookmarker/vendor/cakephp/cakephp/src/Http/BaseApplication.php(256): Cake\Http\ActionDispatcher->dispatch(Object(Cake\Http\ServerRequest), Object(Cake\Http\Response))
#3 /Users/t-murakami/project/bookmarker/vendor/cakephp/cakephp/src/Http/Runner.php(65): Cake\Http\BaseApplication->__invoke(Object(Cake\Http\ServerRequest), Object(Cake\Http\Response), Object(Cake\Http\Runner))
#4 /Users/t-murakami/project/bookmarker/vendor/cakephp/cakephp/src/Http/Runner.php(65): Cake\Http\Runner->__invoke(Object(Cake\Http\ServerRequest), Object(Cake\Http\Response), Object(Cake\Http\Runner))
#5 /Users/t-murakami/project/bookmarker/vendor/cakephp/cakephp/src/Http/Middleware/CsrfProtectionMiddleware.php(126): Cake\Http\Runner->__invoke(Object(Cake\Http\ServerRequest), Object(Cake\Http\Response))
#6 /Users/t-murakami/project/bookmarker/vendor/cakephp/cakephp/src/Http/Runner.php(65): Cake\Http\Middleware\CsrfProtectionMiddleware->__invoke(Object(Cake\Http\ServerRequest), Object(Cake\Http\Response), Object(Cake\Http\Runner))
#7 /Users/t-murakami/project/bookmarker/vendor/cakephp/cakephp/src/Http/Runner.php(51): Cake\Http\Runner->__invoke(Object(Cake\Http\ServerRequest), Object(Cake\Http\Response))
#8 /Users/t-murakami/project/bookmarker/vendor/cakephp/cakephp/src/Routing/Middleware/RoutingMiddleware.php(170): Cake\Http\Runner->run(Object(Cake\Http\MiddlewareQueue), Object(Cake\Http\ServerRequest), Object(Cake\Http\Response))
#9 /Users/t-murakami/project/bookmarker/vendor/cakephp/cakephp/src/Http/Runner.php(65): Cake\Routing\Middleware\RoutingMiddleware->__invoke(Object(Cake\Http\ServerRequest), Object(Cake\Http\Response), Object(Cake\Http\Runner))
#10 /Users/t-murakami/project/bookmarker/vendor/cakephp/cakephp/src/Routing/Middleware/AssetMiddleware.php(88): Cake\Http\Runner->__invoke(Object(Cake\Http\ServerRequest), Object(Cake\Http\Response))
#11 /Users/t-murakami/project/bookmarker/vendor/cakephp/cakephp/src/Http/Runner.php(65): Cake\Routing\Middleware\AssetMiddleware->__invoke(Object(Cake\Http\ServerRequest), Object(Cake\Http\Response), Object(Cake\Http\Runner))
#12 /Users/t-murakami/project/bookmarker/vendor/cakephp/cakephp/src/Error/Middleware/ErrorHandlerMiddleware.php(100): Cake\Http\Runner->__invoke(Object(Cake\Http\ServerRequest), Object(Cake\Http\Response))
#13 /Users/t-murakami/project/bookmarker/vendor/cakephp/cakephp/src/Http/Runner.php(65): Cake\Error\Middleware\ErrorHandlerMiddleware->__invoke(Object(Cake\Http\ServerRequest), Object(Cake\Http\Response), Object(Cake\Http\Runner))
#14 /Users/t-murakami/project/bookmarker/vendor/cakephp/debug_kit/src/Middleware/DebugKitMiddleware.php(53): Cake\Http\Runner->__invoke(Object(Cake\Http\ServerRequest), Object(Cake\Http\Response))
#15 /Users/t-murakami/project/bookmarker/vendor/cakephp/cakephp/src/Http/Runner.php(65): DebugKit\Middleware\DebugKitMiddleware->__invoke(Object(Cake\Http\ServerRequest), Object(Cake\Http\Response), Object(Cake\Http\Runner))
#16 /Users/t-murakami/project/bookmarker/vendor/cakephp/cakephp/src/Http/Runner.php(51): Cake\Http\Runner->__invoke(Object(Cake\Http\ServerRequest), Object(Cake\Http\Response))
#17 /Users/t-murakami/project/bookmarker/vendor/cakephp/cakephp/src/Http/Server.php(97): Cake\Http\Runner->run(Object(Cake\Http\MiddlewareQueue), Object(Cake\Http\ServerRequest), Object(Cake\Http\Response))
#18 /Users/t-murakami/project/bookmarker/webroot/index.php(40): Cake\Http\Server->run()
#19 {main}
Request URL: /bookmarks
Referer URL: http://localhost:8765/bookmarks/add


2021-02-03 03:06:41 Error: [Cake\Controller\Exception\MissingActionException] Action BookmarksController::display() could not be found, or is not accessible. (/Users/t-murakami/project/bookmarker/vendor/cakephp/cakephp/src/Controller/Controller.php:596)
Exception Attributes: array (
  'controller' => 'BookmarksController',
  'action' => 'display',
  'prefix' => '',
  'plugin' => false,
)
#0 /Users/t-murakami/project/bookmarker/vendor/cakephp/cakephp/src/Http/ActionDispatcher.php(120): Cake\Controller\Controller->invokeAction()
#1 /Users/t-murakami/project/bookmarker/vendor/cakephp/cakephp/src/Http/ActionDispatcher.php(94): Cake\Http\ActionDispatcher->_invoke(Object(App\Controller\BookmarksController))
#2 /Users/t-murakami/project/bookmarker/vendor/cakephp/cakephp/src/Http/BaseApplication.php(256): Cake\Http\ActionDispatcher->dispatch(Object(Cake\Http\ServerRequest), Object(Cake\Http\Response))
#3 /Users/t-murakami/project/bookmarker/vendor/cakephp/cakephp/src/Http/Runner.php(65): Cake\Http\BaseApplication->__invoke(Object(Cake\Http\ServerRequest), Object(Cake\Http\Response), Object(Cake\Http\Runner))
#4 /Users/t-murakami/project/bookmarker/vendor/cakephp/cakephp/src/Http/Runner.php(65): Cake\Http\Runner->__invoke(Object(Cake\Http\ServerRequest), Object(Cake\Http\Response), Object(Cake\Http\Runner))
#5 /Users/t-murakami/project/bookmarker/vendor/cakephp/cakephp/src/Http/Middleware/CsrfProtectionMiddleware.php(126): Cake\Http\Runner->__invoke(Object(Cake\Http\ServerRequest), Object(Cake\Http\Response))
#6 /Users/t-murakami/project/bookmarker/vendor/cakephp/cakephp/src/Http/Runner.php(65): Cake\Http\Middleware\CsrfProtectionMiddleware->__invoke(Object(Cake\Http\ServerRequest), Object(Cake\Http\Response), Object(Cake\Http\Runner))
#7 /Users/t-murakami/project/bookmarker/vendor/cakephp/cakephp/src/Http/Runner.php(51): Cake\Http\Runner->__invoke(Object(Cake\Http\ServerRequest), Object(Cake\Http\Response))
#8 /Users/t-murakami/project/bookmarker/vendor/cakephp/cakephp/src/Routing/Middleware/RoutingMiddleware.php(170): Cake\Http\Runner->run(Object(Cake\Http\MiddlewareQueue), Object(Cake\Http\ServerRequest), Object(Cake\Http\Response))
#9 /Users/t-murakami/project/bookmarker/vendor/cakephp/cakephp/src/Http/Runner.php(65): Cake\Routing\Middleware\RoutingMiddleware->__invoke(Object(Cake\Http\ServerRequest), Object(Cake\Http\Response), Object(Cake\Http\Runner))
#10 /Users/t-murakami/project/bookmarker/vendor/cakephp/cakephp/src/Routing/Middleware/AssetMiddleware.php(88): Cake\Http\Runner->__invoke(Object(Cake\Http\ServerRequest), Object(Cake\Http\Response))
#11 /Users/t-murakami/project/bookmarker/vendor/cakephp/cakephp/src/Http/Runner.php(65): Cake\Routing\Middleware\AssetMiddleware->__invoke(Object(Cake\Http\ServerRequest), Object(Cake\Http\Response), Object(Cake\Http\Runner))
#12 /Users/t-murakami/project/bookmarker/vendor/cakephp/cakephp/src/Error/Middleware/ErrorHandlerMiddleware.php(100): Cake\Http\Runner->__invoke(Object(Cake\Http\ServerRequest), Object(Cake\Http\Response))
#13 /Users/t-murakami/project/bookmarker/vendor/cakephp/cakephp/src/Http/Runner.php(65): Cake\Error\Middleware\ErrorHandlerMiddleware->__invoke(Object(Cake\Http\ServerRequest), Object(Cake\Http\Response), Object(Cake\Http\Runner))
#14 /Users/t-murakami/project/bookmarker/vendor/cakephp/debug_kit/src/Middleware/DebugKitMiddleware.php(53): Cake\Http\Runner->__invoke(Object(Cake\Http\ServerRequest), Object(Cake\Http\Response))
#15 /Users/t-murakami/project/bookmarker/vendor/cakephp/cakephp/src/Http/Runner.php(65): DebugKit\Middleware\DebugKitMiddleware->__invoke(Object(Cake\Http\ServerRequest), Object(Cake\Http\Response), Object(Cake\Http\Runner))
#16 /Users/t-murakami/project/bookmarker/vendor/cakephp/cakephp/src/Http/Runner.php(51): Cake\Http\Runner->__invoke(Object(Cake\Http\ServerRequest), Object(Cake\Http\Response))
#17 /Users/t-murakami/project/bookmarker/vendor/cakephp/cakephp/src/Http/Server.php(97): Cake\Http\Runner->run(Object(Cake\Http\MiddlewareQueue), Object(Cake\Http\ServerRequest), Object(Cake\Http\Response))
#18 /Users/t-murakami/project/bookmarker/webroot/index.php(40): Cake\Http\Server->run()
#19 {main}
Request URL: /bookmarks
Referer URL: http://localhost:8765/bookmarks/add


2021-02-03 03:07:01 Error: [Cake\Controller\Exception\MissingActionException] Action BookmarksController::display() could not be found, or is not accessible. (/Users/t-murakami/project/bookmarker/vendor/cakephp/cakephp/src/Controller/Controller.php:596)
Exception Attributes: array (
  'controller' => 'BookmarksController',
  'action' => 'display',
  'prefix' => '',
  'plugin' => false,
)
#0 /Users/t-murakami/project/bookmarker/vendor/cakephp/cakephp/src/Http/ActionDispatcher.php(120): Cake\Controller\Controller->invokeAction()
#1 /Users/t-murakami/project/bookmarker/vendor/cakephp/cakephp/src/Http/ActionDispatcher.php(94): Cake\Http\ActionDispatcher->_invoke(Object(App\Controller\BookmarksController))
#2 /Users/t-murakami/project/bookmarker/vendor/cakephp/cakephp/src/Http/BaseApplication.php(256): Cake\Http\ActionDispatcher->dispatch(Object(Cake\Http\ServerRequest), Object(Cake\Http\Response))
#3 /Users/t-murakami/project/bookmarker/vendor/cakephp/cakephp/src/Http/Runner.php(65): Cake\Http\BaseApplication->__invoke(Object(Cake\Http\ServerRequest), Object(Cake\Http\Response), Object(Cake\Http\Runner))
#4 /Users/t-murakami/project/bookmarker/vendor/cakephp/cakephp/src/Http/Runner.php(65): Cake\Http\Runner->__invoke(Object(Cake\Http\ServerRequest), Object(Cake\Http\Response), Object(Cake\Http\Runner))
#5 /Users/t-murakami/project/bookmarker/vendor/cakephp/cakephp/src/Http/Middleware/CsrfProtectionMiddleware.php(126): Cake\Http\Runner->__invoke(Object(Cake\Http\ServerRequest), Object(Cake\Http\Response))
#6 /Users/t-murakami/project/bookmarker/vendor/cakephp/cakephp/src/Http/Runner.php(65): Cake\Http\Middleware\CsrfProtectionMiddleware->__invoke(Object(Cake\Http\ServerRequest), Object(Cake\Http\Response), Object(Cake\Http\Runner))
#7 /Users/t-murakami/project/bookmarker/vendor/cakephp/cakephp/src/Http/Runner.php(51): Cake\Http\Runner->__invoke(Object(Cake\Http\ServerRequest), Object(Cake\Http\Response))
#8 /Users/t-murakami/project/bookmarker/vendor/cakephp/cakephp/src/Routing/Middleware/RoutingMiddleware.php(170): Cake\Http\Runner->run(Object(Cake\Http\MiddlewareQueue), Object(Cake\Http\ServerRequest), Object(Cake\Http\Response))
#9 /Users/t-murakami/project/bookmarker/vendor/cakephp/cakephp/src/Http/Runner.php(65): Cake\Routing\Middleware\RoutingMiddleware->__invoke(Object(Cake\Http\ServerRequest), Object(Cake\Http\Response), Object(Cake\Http\Runner))
#10 /Users/t-murakami/project/bookmarker/vendor/cakephp/cakephp/src/Routing/Middleware/AssetMiddleware.php(88): Cake\Http\Runner->__invoke(Object(Cake\Http\ServerRequest), Object(Cake\Http\Response))
#11 /Users/t-murakami/project/bookmarker/vendor/cakephp/cakephp/src/Http/Runner.php(65): Cake\Routing\Middleware\AssetMiddleware->__invoke(Object(Cake\Http\ServerRequest), Object(Cake\Http\Response), Object(Cake\Http\Runner))
#12 /Users/t-murakami/project/bookmarker/vendor/cakephp/cakephp/src/Error/Middleware/ErrorHandlerMiddleware.php(100): Cake\Http\Runner->__invoke(Object(Cake\Http\ServerRequest), Object(Cake\Http\Response))
#13 /Users/t-murakami/project/bookmarker/vendor/cakephp/cakephp/src/Http/Runner.php(65): Cake\Error\Middleware\ErrorHandlerMiddleware->__invoke(Object(Cake\Http\ServerRequest), Object(Cake\Http\Response), Object(Cake\Http\Runner))
#14 /Users/t-murakami/project/bookmarker/vendor/cakephp/debug_kit/src/Middleware/DebugKitMiddleware.php(53): Cake\Http\Runner->__invoke(Object(Cake\Http\ServerRequest), Object(Cake\Http\Response))
#15 /Users/t-murakami/project/bookmarker/vendor/cakephp/cakephp/src/Http/Runner.php(65): DebugKit\Middleware\DebugKitMiddleware->__invoke(Object(Cake\Http\ServerRequest), Object(Cake\Http\Response), Object(Cake\Http\Runner))
#16 /Users/t-murakami/project/bookmarker/vendor/cakephp/cakephp/src/Http/Runner.php(51): Cake\Http\Runner->__invoke(Object(Cake\Http\ServerRequest), Object(Cake\Http\Response))
#17 /Users/t-murakami/project/bookmarker/vendor/cakephp/cakephp/src/Http/Server.php(97): Cake\Http\Runner->run(Object(Cake\Http\MiddlewareQueue), Object(Cake\Http\ServerRequest), Object(Cake\Http\Response))
#18 /Users/t-murakami/project/bookmarker/webroot/index.php(40): Cake\Http\Server->run()
#19 {main}
Request URL: /bookmarks
Referer URL: http://localhost:8765/bookmarks/add


2021-02-03 03:07:02 Error: [Cake\Controller\Exception\MissingActionException] Action BookmarksController::display() could not be found, or is not accessible. (/Users/t-murakami/project/bookmarker/vendor/cakephp/cakephp/src/Controller/Controller.php:596)
Exception Attributes: array (
  'controller' => 'BookmarksController',
  'action' => 'display',
  'prefix' => '',
  'plugin' => false,
)
#0 /Users/t-murakami/project/bookmarker/vendor/cakephp/cakephp/src/Http/ActionDispatcher.php(120): Cake\Controller\Controller->invokeAction()
#1 /Users/t-murakami/project/bookmarker/vendor/cakephp/cakephp/src/Http/ActionDispatcher.php(94): Cake\Http\ActionDispatcher->_invoke(Object(App\Controller\BookmarksController))
#2 /Users/t-murakami/project/bookmarker/vendor/cakephp/cakephp/src/Http/BaseApplication.php(256): Cake\Http\ActionDispatcher->dispatch(Object(Cake\Http\ServerRequest), Object(Cake\Http\Response))
#3 /Users/t-murakami/project/bookmarker/vendor/cakephp/cakephp/src/Http/Runner.php(65): Cake\Http\BaseApplication->__invoke(Object(Cake\Http\ServerRequest), Object(Cake\Http\Response), Object(Cake\Http\Runner))
#4 /Users/t-murakami/project/bookmarker/vendor/cakephp/cakephp/src/Http/Runner.php(65): Cake\Http\Runner->__invoke(Object(Cake\Http\ServerRequest), Object(Cake\Http\Response), Object(Cake\Http\Runner))
#5 /Users/t-murakami/project/bookmarker/vendor/cakephp/cakephp/src/Http/Middleware/CsrfProtectionMiddleware.php(126): Cake\Http\Runner->__invoke(Object(Cake\Http\ServerRequest), Object(Cake\Http\Response))
#6 /Users/t-murakami/project/bookmarker/vendor/cakephp/cakephp/src/Http/Runner.php(65): Cake\Http\Middleware\CsrfProtectionMiddleware->__invoke(Object(Cake\Http\ServerRequest), Object(Cake\Http\Response), Object(Cake\Http\Runner))
#7 /Users/t-murakami/project/bookmarker/vendor/cakephp/cakephp/src/Http/Runner.php(51): Cake\Http\Runner->__invoke(Object(Cake\Http\ServerRequest), Object(Cake\Http\Response))
#8 /Users/t-murakami/project/bookmarker/vendor/cakephp/cakephp/src/Routing/Middleware/RoutingMiddleware.php(170): Cake\Http\Runner->run(Object(Cake\Http\MiddlewareQueue), Object(Cake\Http\ServerRequest), Object(Cake\Http\Response))
#9 /Users/t-murakami/project/bookmarker/vendor/cakephp/cakephp/src/Http/Runner.php(65): Cake\Routing\Middleware\RoutingMiddleware->__invoke(Object(Cake\Http\ServerRequest), Object(Cake\Http\Response), Object(Cake\Http\Runner))
#10 /Users/t-murakami/project/bookmarker/vendor/cakephp/cakephp/src/Routing/Middleware/AssetMiddleware.php(88): Cake\Http\Runner->__invoke(Object(Cake\Http\ServerRequest), Object(Cake\Http\Response))
#11 /Users/t-murakami/project/bookmarker/vendor/cakephp/cakephp/src/Http/Runner.php(65): Cake\Routing\Middleware\AssetMiddleware->__invoke(Object(Cake\Http\ServerRequest), Object(Cake\Http\Response), Object(Cake\Http\Runner))
#12 /Users/t-murakami/project/bookmarker/vendor/cakephp/cakephp/src/Error/Middleware/ErrorHandlerMiddleware.php(100): Cake\Http\Runner->__invoke(Object(Cake\Http\ServerRequest), Object(Cake\Http\Response))
#13 /Users/t-murakami/project/bookmarker/vendor/cakephp/cakephp/src/Http/Runner.php(65): Cake\Error\Middleware\ErrorHandlerMiddleware->__invoke(Object(Cake\Http\ServerRequest), Object(Cake\Http\Response), Object(Cake\Http\Runner))
#14 /Users/t-murakami/project/bookmarker/vendor/cakephp/debug_kit/src/Middleware/DebugKitMiddleware.php(53): Cake\Http\Runner->__invoke(Object(Cake\Http\ServerRequest), Object(Cake\Http\Response))
#15 /Users/t-murakami/project/bookmarker/vendor/cakephp/cakephp/src/Http/Runner.php(65): DebugKit\Middleware\DebugKitMiddleware->__invoke(Object(Cake\Http\ServerRequest), Object(Cake\Http\Response), Object(Cake\Http\Runner))
#16 /Users/t-murakami/project/bookmarker/vendor/cakephp/cakephp/src/Http/Runner.php(51): Cake\Http\Runner->__invoke(Object(Cake\Http\ServerRequest), Object(Cake\Http\Response))
#17 /Users/t-murakami/project/bookmarker/vendor/cakephp/cakephp/src/Http/Server.php(97): Cake\Http\Runner->run(Object(Cake\Http\MiddlewareQueue), Object(Cake\Http\ServerRequest), Object(Cake\Http\Response))
#18 /Users/t-murakami/project/bookmarker/webroot/index.php(40): Cake\Http\Server->run()
#19 {main}
Request URL: /bookmarks
Referer URL: http://localhost:8765/bookmarks/add


2021-02-03 03:09:50 Error: [Cake\Controller\Exception\MissingActionException] Action BookmarksController::display() could not be found, or is not accessible. (/Users/t-murakami/project/bookmarker/vendor/cakephp/cakephp/src/Controller/Controller.php:596)
Exception Attributes: array (
  'controller' => 'BookmarksController',
  'action' => 'display',
  'prefix' => '',
  'plugin' => false,
)
#0 /Users/t-murakami/project/bookmarker/vendor/cakephp/cakephp/src/Http/ActionDispatcher.php(120): Cake\Controller\Controller->invokeAction()
#1 /Users/t-murakami/project/bookmarker/vendor/cakephp/cakephp/src/Http/ActionDispatcher.php(94): Cake\Http\ActionDispatcher->_invoke(Object(App\Controller\BookmarksController))
#2 /Users/t-murakami/project/bookmarker/vendor/cakephp/cakephp/src/Http/BaseApplication.php(256): Cake\Http\ActionDispatcher->dispatch(Object(Cake\Http\ServerRequest), Object(Cake\Http\Response))
#3 /Users/t-murakami/project/bookmarker/vendor/cakephp/cakephp/src/Http/Runner.php(65): Cake\Http\BaseApplication->__invoke(Object(Cake\Http\ServerRequest), Object(Cake\Http\Response), Object(Cake\Http\Runner))
#4 /Users/t-murakami/project/bookmarker/vendor/cakephp/cakephp/src/Http/Runner.php(65): Cake\Http\Runner->__invoke(Object(Cake\Http\ServerRequest), Object(Cake\Http\Response), Object(Cake\Http\Runner))
#5 /Users/t-murakami/project/bookmarker/vendor/cakephp/cakephp/src/Http/Middleware/CsrfProtectionMiddleware.php(126): Cake\Http\Runner->__invoke(Object(Cake\Http\ServerRequest), Object(Cake\Http\Response))
#6 /Users/t-murakami/project/bookmarker/vendor/cakephp/cakephp/src/Http/Runner.php(65): Cake\Http\Middleware\CsrfProtectionMiddleware->__invoke(Object(Cake\Http\ServerRequest), Object(Cake\Http\Response), Object(Cake\Http\Runner))
#7 /Users/t-murakami/project/bookmarker/vendor/cakephp/cakephp/src/Http/Runner.php(51): Cake\Http\Runner->__invoke(Object(Cake\Http\ServerRequest), Object(Cake\Http\Response))
#8 /Users/t-murakami/project/bookmarker/vendor/cakephp/cakephp/src/Routing/Middleware/RoutingMiddleware.php(170): Cake\Http\Runner->run(Object(Cake\Http\MiddlewareQueue), Object(Cake\Http\ServerRequest), Object(Cake\Http\Response))
#9 /Users/t-murakami/project/bookmarker/vendor/cakephp/cakephp/src/Http/Runner.php(65): Cake\Routing\Middleware\RoutingMiddleware->__invoke(Object(Cake\Http\ServerRequest), Object(Cake\Http\Response), Object(Cake\Http\Runner))
#10 /Users/t-murakami/project/bookmarker/vendor/cakephp/cakephp/src/Routing/Middleware/AssetMiddleware.php(88): Cake\Http\Runner->__invoke(Object(Cake\Http\ServerRequest), Object(Cake\Http\Response))
#11 /Users/t-murakami/project/bookmarker/vendor/cakephp/cakephp/src/Http/Runner.php(65): Cake\Routing\Middleware\AssetMiddleware->__invoke(Object(Cake\Http\ServerRequest), Object(Cake\Http\Response), Object(Cake\Http\Runner))
#12 /Users/t-murakami/project/bookmarker/vendor/cakephp/cakephp/src/Error/Middleware/ErrorHandlerMiddleware.php(100): Cake\Http\Runner->__invoke(Object(Cake\Http\ServerRequest), Object(Cake\Http\Response))
#13 /Users/t-murakami/project/bookmarker/vendor/cakephp/cakephp/src/Http/Runner.php(65): Cake\Error\Middleware\ErrorHandlerMiddleware->__invoke(Object(Cake\Http\ServerRequest), Object(Cake\Http\Response), Object(Cake\Http\Runner))
#14 /Users/t-murakami/project/bookmarker/vendor/cakephp/debug_kit/src/Middleware/DebugKitMiddleware.php(53): Cake\Http\Runner->__invoke(Object(Cake\Http\ServerRequest), Object(Cake\Http\Response))
#15 /Users/t-murakami/project/bookmarker/vendor/cakephp/cakephp/src/Http/Runner.php(65): DebugKit\Middleware\DebugKitMiddleware->__invoke(Object(Cake\Http\ServerRequest), Object(Cake\Http\Response), Object(Cake\Http\Runner))
#16 /Users/t-murakami/project/bookmarker/vendor/cakephp/cakephp/src/Http/Runner.php(51): Cake\Http\Runner->__invoke(Object(Cake\Http\ServerRequest), Object(Cake\Http\Response))
#17 /Users/t-murakami/project/bookmarker/vendor/cakephp/cakephp/src/Http/Server.php(97): Cake\Http\Runner->run(Object(Cake\Http\MiddlewareQueue), Object(Cake\Http\ServerRequest), Object(Cake\Http\Response))
#18 /Users/t-murakami/project/bookmarker/webroot/index.php(40): Cake\Http\Server->run()
#19 {main}
Request URL: /bookmarks/


2021-02-03 03:09:52 Error: [Cake\Controller\Exception\MissingActionException] Action BookmarksController::display() could not be found, or is not accessible. (/Users/t-murakami/project/bookmarker/vendor/cakephp/cakephp/src/Controller/Controller.php:596)
Exception Attributes: array (
  'controller' => 'BookmarksController',
  'action' => 'display',
  'prefix' => '',
  'plugin' => false,
)
#0 /Users/t-murakami/project/bookmarker/vendor/cakephp/cakephp/src/Http/ActionDispatcher.php(120): Cake\Controller\Controller->invokeAction()
#1 /Users/t-murakami/project/bookmarker/vendor/cakephp/cakephp/src/Http/ActionDispatcher.php(94): Cake\Http\ActionDispatcher->_invoke(Object(App\Controller\BookmarksController))
#2 /Users/t-murakami/project/bookmarker/vendor/cakephp/cakephp/src/Http/BaseApplication.php(256): Cake\Http\ActionDispatcher->dispatch(Object(Cake\Http\ServerRequest), Object(Cake\Http\Response))
#3 /Users/t-murakami/project/bookmarker/vendor/cakephp/cakephp/src/Http/Runner.php(65): Cake\Http\BaseApplication->__invoke(Object(Cake\Http\ServerRequest), Object(Cake\Http\Response), Object(Cake\Http\Runner))
#4 /Users/t-murakami/project/bookmarker/vendor/cakephp/cakephp/src/Http/Runner.php(65): Cake\Http\Runner->__invoke(Object(Cake\Http\ServerRequest), Object(Cake\Http\Response), Object(Cake\Http\Runner))
#5 /Users/t-murakami/project/bookmarker/vendor/cakephp/cakephp/src/Http/Middleware/CsrfProtectionMiddleware.php(126): Cake\Http\Runner->__invoke(Object(Cake\Http\ServerRequest), Object(Cake\Http\Response))
#6 /Users/t-murakami/project/bookmarker/vendor/cakephp/cakephp/src/Http/Runner.php(65): Cake\Http\Middleware\CsrfProtectionMiddleware->__invoke(Object(Cake\Http\ServerRequest), Object(Cake\Http\Response), Object(Cake\Http\Runner))
#7 /Users/t-murakami/project/bookmarker/vendor/cakephp/cakephp/src/Http/Runner.php(51): Cake\Http\Runner->__invoke(Object(Cake\Http\ServerRequest), Object(Cake\Http\Response))
#8 /Users/t-murakami/project/bookmarker/vendor/cakephp/cakephp/src/Routing/Middleware/RoutingMiddleware.php(170): Cake\Http\Runner->run(Object(Cake\Http\MiddlewareQueue), Object(Cake\Http\ServerRequest), Object(Cake\Http\Response))
#9 /Users/t-murakami/project/bookmarker/vendor/cakephp/cakephp/src/Http/Runner.php(65): Cake\Routing\Middleware\RoutingMiddleware->__invoke(Object(Cake\Http\ServerRequest), Object(Cake\Http\Response), Object(Cake\Http\Runner))
#10 /Users/t-murakami/project/bookmarker/vendor/cakephp/cakephp/src/Routing/Middleware/AssetMiddleware.php(88): Cake\Http\Runner->__invoke(Object(Cake\Http\ServerRequest), Object(Cake\Http\Response))
#11 /Users/t-murakami/project/bookmarker/vendor/cakephp/cakephp/src/Http/Runner.php(65): Cake\Routing\Middleware\AssetMiddleware->__invoke(Object(Cake\Http\ServerRequest), Object(Cake\Http\Response), Object(Cake\Http\Runner))
#12 /Users/t-murakami/project/bookmarker/vendor/cakephp/cakephp/src/Error/Middleware/ErrorHandlerMiddleware.php(100): Cake\Http\Runner->__invoke(Object(Cake\Http\ServerRequest), Object(Cake\Http\Response))
#13 /Users/t-murakami/project/bookmarker/vendor/cakephp/cakephp/src/Http/Runner.php(65): Cake\Error\Middleware\ErrorHandlerMiddleware->__invoke(Object(Cake\Http\ServerRequest), Object(Cake\Http\Response), Object(Cake\Http\Runner))
#14 /Users/t-murakami/project/bookmarker/vendor/cakephp/debug_kit/src/Middleware/DebugKitMiddleware.php(53): Cake\Http\Runner->__invoke(Object(Cake\Http\ServerRequest), Object(Cake\Http\Response))
#15 /Users/t-murakami/project/bookmarker/vendor/cakephp/cakephp/src/Http/Runner.php(65): DebugKit\Middleware\DebugKitMiddleware->__invoke(Object(Cake\Http\ServerRequest), Object(Cake\Http\Response), Object(Cake\Http\Runner))
#16 /Users/t-murakami/project/bookmarker/vendor/cakephp/cakephp/src/Http/Runner.php(51): Cake\Http\Runner->__invoke(Object(Cake\Http\ServerRequest), Object(Cake\Http\Response))
#17 /Users/t-murakami/project/bookmarker/vendor/cakephp/cakephp/src/Http/Server.php(97): Cake\Http\Runner->run(Object(Cake\Http\MiddlewareQueue), Object(Cake\Http\ServerRequest), Object(Cake\Http\Response))
#18 /Users/t-murakami/project/bookmarker/webroot/index.php(40): Cake\Http\Server->run()
#19 {main}
Request URL: /bookmarks/


